{
  "stats": {
    "suites": 4,
    "tests": 2,
    "passes": 2,
    "pending": 0,
    "failures": 0,
    "start": "2017-05-23T17:51:45.324Z",
    "end": "2017-05-23T17:51:45.334Z",
    "duration": 10,
    "testsRegistered": 2,
    "passPercent": 100,
    "pendingPercent": 0,
    "other": 0,
    "hasOther": false,
    "skipped": 0,
    "hasSkipped": false,
    "passPercentClass": "success",
    "pendingPercentClass": "danger"
  },
  "suites": {
    "title": "",
    "suites": [
      {
        "title": "demo test 2",
        "suites": [
          {
            "title": "eins",
            "suites": [],
            "tests": [
              {
                "title": "should give 1",
                "fullTitle": "demo test 2 eins should give 1",
                "timedOut": false,
                "duration": 1,
                "state": "passed",
                "speed": "fast",
                "pass": true,
                "fail": false,
                "pending": false,
                "code": "_assert2.default.equal(1, 1);",
                "err": {},
                "isRoot": false,
                "uuid": "823e3163-d630-4a33-be2d-553e4e27a025",
                "parentUUID": "fe692042-f363-4cf3-b962-5cecdf62e522",
                "isHook": false,
                "skipped": false
              }
            ],
            "pending": [],
            "root": false,
            "_timeout": 2000,
            "file": "/self-v1/test/test.js",
            "uuid": "fe692042-f363-4cf3-b962-5cecdf62e522",
            "failedHooks": [],
            "fullFile": "/home/rk/IntelliJ-Projekte/todomvc-es6-custom/self-v1/test/test.js",
            "passes": [
              {
                "title": "should give 1",
                "fullTitle": "demo test 2 eins should give 1",
                "timedOut": false,
                "duration": 1,
                "state": "passed",
                "speed": "fast",
                "pass": true,
                "fail": false,
                "pending": false,
                "code": "_assert2.default.equal(1, 1);",
                "err": {},
                "isRoot": false,
                "uuid": "823e3163-d630-4a33-be2d-553e4e27a025",
                "parentUUID": "fe692042-f363-4cf3-b962-5cecdf62e522",
                "isHook": false,
                "skipped": false
              }
            ],
            "failures": [],
            "skipped": [],
            "hasTests": true,
            "hasFailedHooks": false,
            "hasSuites": false,
            "totalTests": 1,
            "totalPasses": 1,
            "totalFailures": 0,
            "totalPending": 0,
            "totalSkipped": 0,
            "hasPasses": true,
            "hasFailures": false,
            "hasPending": false,
            "hasSkipped": false,
            "duration": 1,
            "rootEmpty": false
          }
        ],
        "tests": [],
        "pending": [],
        "root": false,
        "_timeout": 2000,
        "file": "/self-v1/test/test.js",
        "uuid": "68944099-8ca9-4cf9-ae7d-6cb5eb76ffcd",
        "failedHooks": [],
        "fullFile": "/home/rk/IntelliJ-Projekte/todomvc-es6-custom/self-v1/test/test.js",
        "passes": [],
        "failures": [],
        "skipped": [],
        "hasTests": false,
        "hasFailedHooks": false,
        "hasSuites": true,
        "totalTests": 0,
        "totalPasses": 0,
        "totalFailures": 0,
        "totalPending": 0,
        "totalSkipped": 0,
        "hasPasses": false,
        "hasFailures": false,
        "hasPending": false,
        "hasSkipped": false,
        "duration": 0,
        "rootEmpty": false
      },
      {
        "title": "demo test 2",
        "suites": [
          {
            "title": "zwei",
            "suites": [],
            "tests": [
              {
                "title": "should give 2",
                "fullTitle": "demo test 2 zwei should give 2",
                "timedOut": false,
                "duration": 0,
                "state": "passed",
                "speed": "fast",
                "pass": true,
                "fail": false,
                "pending": false,
                "code": "_assert2.default.equal(2, 2);",
                "err": {},
                "isRoot": false,
                "uuid": "5eff8ac9-51f1-4712-adc7-745386a59c4c",
                "parentUUID": "c3bb372d-3b07-42fc-b97e-ff76a5502292",
                "isHook": false,
                "skipped": false
              }
            ],
            "pending": [],
            "root": false,
            "_timeout": 2000,
            "file": "/self-v1/test/test2.js",
            "uuid": "c3bb372d-3b07-42fc-b97e-ff76a5502292",
            "failedHooks": [],
            "fullFile": "/home/rk/IntelliJ-Projekte/todomvc-es6-custom/self-v1/test/test2.js",
            "passes": [
              {
                "title": "should give 2",
                "fullTitle": "demo test 2 zwei should give 2",
                "timedOut": false,
                "duration": 0,
                "state": "passed",
                "speed": "fast",
                "pass": true,
                "fail": false,
                "pending": false,
                "code": "_assert2.default.equal(2, 2);",
                "err": {},
                "isRoot": false,
                "uuid": "5eff8ac9-51f1-4712-adc7-745386a59c4c",
                "parentUUID": "c3bb372d-3b07-42fc-b97e-ff76a5502292",
                "isHook": false,
                "skipped": false
              }
            ],
            "failures": [],
            "skipped": [],
            "hasTests": true,
            "hasFailedHooks": false,
            "hasSuites": false,
            "totalTests": 1,
            "totalPasses": 1,
            "totalFailures": 0,
            "totalPending": 0,
            "totalSkipped": 0,
            "hasPasses": true,
            "hasFailures": false,
            "hasPending": false,
            "hasSkipped": false,
            "duration": 0,
            "rootEmpty": false
          }
        ],
        "tests": [],
        "pending": [],
        "root": false,
        "_timeout": 2000,
        "file": "/self-v1/test/test2.js",
        "uuid": "b3469452-5436-43ea-a841-4466a0283d5f",
        "failedHooks": [],
        "fullFile": "/home/rk/IntelliJ-Projekte/todomvc-es6-custom/self-v1/test/test2.js",
        "passes": [],
        "failures": [],
        "skipped": [],
        "hasTests": false,
        "hasFailedHooks": false,
        "hasSuites": true,
        "totalTests": 0,
        "totalPasses": 0,
        "totalFailures": 0,
        "totalPending": 0,
        "totalSkipped": 0,
        "hasPasses": false,
        "hasFailures": false,
        "hasPending": false,
        "hasSkipped": false,
        "duration": 0,
        "rootEmpty": false
      }
    ],
    "tests": [],
    "pending": [],
    "root": true,
    "_timeout": 2000,
    "uuid": "7200190b-d9a6-496b-b848-0d53c0060b27",
    "failedHooks": [],
    "fullFile": "",
    "file": "",
    "passes": [],
    "failures": [],
    "skipped": [],
    "hasTests": false,
    "hasFailedHooks": false,
    "hasSuites": true,
    "totalTests": 0,
    "totalPasses": 0,
    "totalFailures": 0,
    "totalPending": 0,
    "totalSkipped": 0,
    "hasPasses": false,
    "hasFailures": false,
    "hasPending": false,
    "hasSkipped": false,
    "duration": 0,
    "rootEmpty": true
  },
  "allTests": [
    {
      "title": "should give 1",
      "fullTitle": "eins should give 1",
      "timedOut": false,
      "duration": 1,
      "state": "passed",
      "speed": "fast",
      "pass": true,
      "fail": false,
      "pending": false,
      "code": "_assert2.default.equal(1, 1);",
      "err": {},
      "isRoot": false,
      "uuid": "823e3163-d630-4a33-be2d-553e4e27a025",
      "parentUUID": "fe692042-f363-4cf3-b962-5cecdf62e522",
      "isHook": false,
      "skipped": false
    },
    {
      "title": "should give 2",
      "fullTitle": "zwei should give 2",
      "timedOut": false,
      "duration": 0,
      "state": "passed",
      "speed": "fast",
      "pass": true,
      "fail": false,
      "pending": false,
      "code": "_assert2.default.equal(2, 2);",
      "err": {},
      "isRoot": false,
      "uuid": "5eff8ac9-51f1-4712-adc7-745386a59c4c",
      "parentUUID": "c3bb372d-3b07-42fc-b97e-ff76a5502292",
      "isHook": false,
      "skipped": false
    }
  ],
  "allPending": [],
  "allPasses": [
    {
      "title": "should give 1",
      "fullTitle": "eins should give 1",
      "timedOut": false,
      "duration": 1,
      "state": "passed",
      "speed": "fast",
      "pass": true,
      "fail": false,
      "pending": false,
      "code": "_assert2.default.equal(1, 1);",
      "err": {},
      "isRoot": false,
      "uuid": "823e3163-d630-4a33-be2d-553e4e27a025",
      "parentUUID": "fe692042-f363-4cf3-b962-5cecdf62e522",
      "isHook": false,
      "skipped": false
    },
    {
      "title": "should give 2",
      "fullTitle": "zwei should give 2",
      "timedOut": false,
      "duration": 0,
      "state": "passed",
      "speed": "fast",
      "pass": true,
      "fail": false,
      "pending": false,
      "code": "_assert2.default.equal(2, 2);",
      "err": {},
      "isRoot": false,
      "uuid": "5eff8ac9-51f1-4712-adc7-745386a59c4c",
      "parentUUID": "c3bb372d-3b07-42fc-b97e-ff76a5502292",
      "isHook": false,
      "skipped": false
    }
  ],
  "allFailures": [],
  "copyrightYear": 2017
}